[INFO] Scanning for projects...
[INFO] 
[INFO] ---------------------< org.example:config-service >---------------------
[INFO] Building config-service 0.0.1-SNAPSHOT
[INFO]   from pom.xml
[INFO] --------------------------------[ jar ]---------------------------------
[INFO] 
[INFO] >>> spring-boot:3.5.7:run (default-cli) > test-compile @ config-service >>>
[INFO] 
[INFO] --- resources:3.3.1:resources (default-resources) @ config-service ---
[INFO] Copying 1 resource from src\main\resources to target\classes
[INFO] Copying 0 resource from src\main\resources to target\classes
[INFO] 
[INFO] --- compiler:3.14.1:compile (default-compile) @ config-service ---
[INFO] Nothing to compile - all classes are up to date.
[INFO] 
[INFO] --- resources:3.3.1:testResources (default-testResources) @ config-service ---
[INFO] skip non existing resourceDirectory C:\JEE\ecom-app\config-service\src\test\resources
[INFO] 
[INFO] --- compiler:3.14.1:testCompile (default-testCompile) @ config-service ---
[INFO] Nothing to compile - all classes are up to date.
[INFO] 
[INFO] <<< spring-boot:3.5.7:run (default-cli) < test-compile @ config-service <<<
[INFO] 
[INFO] 
[INFO] --- spring-boot:3.5.7:run (default-cli) @ config-service ---
[INFO] Attaching agents: []

  .   ____          _            __ _ _
 /\\ / ___'_ __ _ _(_)_ __  __ _ \ \ \ \
( ( )\___ | '_ | '_| | '_ \/ _` | \ \ \ \
 \\/  ___)| |_)| | | | | || (_| |  ) ) ) )
  '  |____| .__|_| |_|_| |_\__, | / / / /
 =========|_|==============|___/=/_/_/_/

 :: Spring Boot ::                (v3.5.7)

2026-01-02T10:23:00.400+01:00  INFO 19736 --- [config-service] [           main] o.e.c.ConfigServiceApplication           : Starting ConfigServiceApplication using Java 21.0.8 with PID 19736 (C:\JEE\ecom-app\config-service\target\classes started by HP in C:\JEE\ecom-app\config-service)
2026-01-02T10:23:00.402+01:00  INFO 19736 --- [config-service] [           main] o.e.c.ConfigServiceApplication           : No active profile set, falling back to 1 default profile: "default"
2026-01-02T10:23:01.415+01:00  INFO 19736 --- [config-service] [           main] o.s.cloud.context.scope.GenericScope     : BeanFactory id=2369c9e0-0c5e-3c96-b88b-422555a1c95f
2026-01-02T10:23:01.800+01:00  INFO 19736 --- [config-service] [           main] o.s.b.w.embedded.tomcat.TomcatWebServer  : Tomcat initialized with port 9999 (http)
2026-01-02T10:23:01.819+01:00  INFO 19736 --- [config-service] [           main] o.apache.catalina.core.StandardService   : Starting service [Tomcat]
2026-01-02T10:23:01.819+01:00  INFO 19736 --- [config-service] [           main] o.apache.catalina.core.StandardEngine    : Starting Servlet engine: [Apache Tomcat/10.1.48]
2026-01-02T10:23:01.890+01:00  INFO 19736 --- [config-service] [           main] o.a.c.c.C.[Tomcat].[localhost].[/]       : Initializing Spring embedded WebApplicationContext
2026-01-02T10:23:01.893+01:00  INFO 19736 --- [config-service] [           main] w.s.c.ServletWebServerApplicationContext : Root WebApplicationContext: initialization completed in 1448 ms
2026-01-02T10:23:03.008+01:00  INFO 19736 --- [config-service] [           main] DiscoveryClientOptionalArgsConfiguration : Eureka HTTP Client uses RestTemplate.
2026-01-02T10:23:03.078+01:00  WARN 19736 --- [config-service] [           main] iguration$LoadBalancerCaffeineWarnLogger : Spring Cloud LoadBalancer is currently working with the default cache. While this cache implementation is useful for development and tests, it's recommended to use Caffeine cache in production.You can switch to using Caffeine cache, by adding it and org.springframework.cache.caffeine.CaffeineCacheManager to the classpath.
2026-01-02T10:23:03.086+01:00  INFO 19736 --- [config-service] [           main] o.s.b.a.e.web.EndpointLinksResolver      : Exposing 1 endpoint beneath base path '/actuator'
2026-01-02T10:23:03.137+01:00  INFO 19736 --- [config-service] [           main] o.s.c.n.eureka.InstanceInfoFactory       : Setting initial instance status as: STARTING
2026-01-02T10:23:03.160+01:00  INFO 19736 --- [config-service] [           main] com.netflix.discovery.DiscoveryClient    : Initializing Eureka in region us-east-1
2026-01-02T10:23:03.164+01:00  INFO 19736 --- [config-service] [           main] c.n.d.s.r.aws.ConfigClusterResolver      : Resolving eureka endpoints via configuration
2026-01-02T10:23:03.171+01:00  INFO 19736 --- [config-service] [           main] com.netflix.discovery.DiscoveryClient    : Disable delta property : false
2026-01-02T10:23:03.171+01:00  INFO 19736 --- [config-service] [           main] com.netflix.discovery.DiscoveryClient    : Single vip registry refresh property : null
2026-01-02T10:23:03.171+01:00  INFO 19736 --- [config-service] [           main] com.netflix.discovery.DiscoveryClient    : Force full registry fetch : false
2026-01-02T10:23:03.171+01:00  INFO 19736 --- [config-service] [           main] com.netflix.discovery.DiscoveryClient    : Application is null : false
2026-01-02T10:23:03.171+01:00  INFO 19736 --- [config-service] [           main] com.netflix.discovery.DiscoveryClient    : Registered Applications size is zero : true
2026-01-02T10:23:03.171+01:00  INFO 19736 --- [config-service] [           main] com.netflix.discovery.DiscoveryClient    : Application version is -1: true
2026-01-02T10:23:03.171+01:00  INFO 19736 --- [config-service] [           main] com.netflix.discovery.DiscoveryClient    : Getting all instance registry info from the eureka server
2026-01-02T10:23:03.477+01:00  INFO 19736 --- [config-service] [           main] com.netflix.discovery.DiscoveryClient    : The response status is 200
2026-01-02T10:23:03.478+01:00  INFO 19736 --- [config-service] [           main] com.netflix.discovery.DiscoveryClient    : Starting heartbeat executor: renew interval is: 30
2026-01-02T10:23:03.482+01:00  INFO 19736 --- [config-service] [           main] c.n.discovery.InstanceInfoReplicator     : InstanceInfoReplicator onDemand update allowed rate per min is 4
2026-01-02T10:23:03.484+01:00  INFO 19736 --- [config-service] [           main] com.netflix.discovery.DiscoveryClient    : Discovery Client initialized at timestamp 1767345783482 with initial instances count: 3
2026-01-02T10:23:03.487+01:00  INFO 19736 --- [config-service] [           main] o.s.c.n.e.s.EurekaServiceRegistry        : Registering application CONFIG-SERVICE with eureka with status UP
2026-01-02T10:23:03.487+01:00  INFO 19736 --- [config-service] [           main] com.netflix.discovery.DiscoveryClient    : Saw local status change event StatusChangeEvent [timestamp=1767345783487, current=UP, previous=STARTING]
2026-01-02T10:23:03.487+01:00  INFO 19736 --- [config-service] [foReplicator-%d] com.netflix.discovery.DiscoveryClient    : DiscoveryClient_CONFIG-SERVICE/DESKTOP-0RDOB68:config-service:9999: registering service...
2026-01-02T10:23:03.495+01:00  INFO 19736 --- [config-service] [           main] o.s.c.n.e.s.EurekaServiceRegistry        : Unregistering application CONFIG-SERVICE with eureka with status DOWN
2026-01-02T10:23:03.495+01:00  INFO 19736 --- [config-service] [           main] com.netflix.discovery.DiscoveryClient    : Saw local status change event StatusChangeEvent [timestamp=1767345783495, current=DOWN, previous=UP]
2026-01-02T10:23:03.495+01:00  WARN 19736 --- [config-service] [           main] ConfigServletWebServerApplicationContext : Exception encountered during context initialization - cancelling refresh attempt: org.springframework.context.ApplicationContextException: Failed to start bean 'webServerStartStop'
2026-01-02T10:23:03.499+01:00  INFO 19736 --- [config-service] [           main] com.netflix.discovery.DiscoveryClient    : Shutting down DiscoveryClient ...
2026-01-02T10:23:03.523+01:00  INFO 19736 --- [config-service] [foReplicator-%d] com.netflix.discovery.DiscoveryClient    : DiscoveryClient_CONFIG-SERVICE/DESKTOP-0RDOB68:config-service:9999 - registration status: 204
2026-01-02T10:23:03.524+01:00  INFO 19736 --- [config-service] [foReplicator-%d] com.netflix.discovery.DiscoveryClient    : DiscoveryClient_CONFIG-SERVICE/DESKTOP-0RDOB68:config-service:9999: registering service...
2026-01-02T10:23:03.531+01:00  INFO 19736 --- [config-service] [foReplicator-%d] com.netflix.discovery.DiscoveryClient    : DiscoveryClient_CONFIG-SERVICE/DESKTOP-0RDOB68:config-service:9999 - registration status: 204
2026-01-02T10:23:03.531+01:00  INFO 19736 --- [config-service] [           main] com.netflix.discovery.DiscoveryClient    : Unregistering ...
2026-01-02T10:23:03.535+01:00  INFO 19736 --- [config-service] [           main] com.netflix.discovery.DiscoveryClient    : DiscoveryClient_CONFIG-SERVICE/DESKTOP-0RDOB68:config-service:9999 - deregister  status: 200
2026-01-02T10:23:03.536+01:00  INFO 19736 --- [config-service] [           main] com.netflix.discovery.DiscoveryClient    : Completed shut down of DiscoveryClient
2026-01-02T10:23:03.552+01:00  INFO 19736 --- [config-service] [           main] .s.b.a.l.ConditionEvaluationReportLogger : 

Error starting ApplicationContext. To display the condition evaluation report re-run your application with 'debug' enabled.
2026-01-02T10:23:03.568+01:00 ERROR 19736 --- [config-service] [           main] o.s.b.d.LoggingFailureAnalysisReporter   : 

***************************
APPLICATION FAILED TO START
***************************

Description:

Web server failed to start. Port 9999 was already in use.

Action:

Identify and stop the process that's listening on port 9999 or configure this application to listen on another port.

[INFO] ------------------------------------------------------------------------
[INFO] BUILD FAILURE
[INFO] ------------------------------------------------------------------------
[INFO] Total time:  6.293 s
[INFO] Finished at: 2026-01-02T10:23:03+01:00
[INFO] ------------------------------------------------------------------------
[ERROR] Failed to execute goal org.springframework.boot:spring-boot-maven-plugin:3.5.7:run (default-cli) on project config-service: Process terminated with exit code: 1 -> [Help 1]
[ERROR] 
[ERROR] To see the full stack trace of the errors, re-run Maven with the -e switch.
[ERROR] Re-run Maven using the -X switch to enable full debug logging.
[ERROR] 
[ERROR] For more information about the errors and possible solutions, please read the following articles:
[ERROR] [Help 1] http://cwiki.apache.org/confluence/display/MAVEN/MojoExecutionException
